TN:
SF:/Users/adriandiaconescu/CLionProjects/market-data-processor/src/book/include/book/BookProcessor.hpp
FNL:0,31,58
FNA:0,0,_ZN3mdp13BookProcessorD0Ev
FNA:0,10,_ZN3mdp13BookProcessorD1Ev
FNA:0,10,_ZN3mdp13BookProcessorD2Ev
FNF:1
FNH:1
DA:31,20
DA:32,10
DA:33,20
DA:58,10
LF:4
LH:4
end_of_record
TN:
SF:/Users/adriandiaconescu/CLionProjects/market-data-processor/src/book/include/book/BookTypes.hpp
FNL:0,44,45
FNA:0,7,_ZNK3mdp9TopOfBook8is_validEv
FNL:1,50,55
FNA:1,31725,_ZN3mdp9BookDeltaC1Ev
FNA:1,31725,_ZN3mdp9BookDeltaC2Ev
FNL:2,59,60
FNA:2,12,_ZN3mdp12BookSnapshotD1Ev
FNA:2,12,_ZN3mdp12BookSnapshotD2Ev
FNF:3
FNH:3
DA:44,7
DA:45,7
DA:50,31725
DA:51,31874
DA:52,31725
DA:53,31725
DA:54,31725
DA:55,31725
DA:60,12
LF:9
LH:9
end_of_record
TN:
SF:/Users/adriandiaconescu/CLionProjects/market-data-processor/src/book/include/book/OrderBook.hpp
FNL:0,16,46
FNA:0,23,_ZN3mdp9OrderBookC1EOS0_
FNA:0,23,_ZN3mdp9OrderBookC2EOS0_
FNA:0,65,_ZN3mdp9OrderBookD1Ev
FNA:0,65,_ZN3mdp9OrderBookD2Ev
FNL:1,46,47
FNA:1,75213,_ZNK3mdp9OrderBook8best_bidEv
FNL:2,51,84
FNA:2,31172,_ZNK3mdp9OrderBook8best_askEv
FNF:3
FNH:3
DA:46,75213
DA:47,75213
DA:51,31172
DA:52,31172
DA:68,42
DA:82,42
DA:83,42
DA:84,42
LF:8
LH:8
end_of_record
TN:
SF:/Users/adriandiaconescu/CLionProjects/market-data-processor/src/book/src/BookProcessor.cpp
FNL:0,144,151
FNA:0,31725,_ZN3mdp13BookProcessor13tick_to_deltaERKNS_10MarketTickENS_9OrderSideE
FNL:1,27,28
FNA:1,10,_ZN3mdp13BookProcessorC1ERNS_10RingBufferINS_10MarketTickELm4096EEE
FNA:1,10,_ZN3mdp13BookProcessorC2ERNS_10RingBufferINS_10MarketTickELm4096EEE
FNL:2,30,36
FNA:2,31712,_ZNK3mdp13BookProcessor4bookENSt3__117basic_string_viewIcNS1_11char_traitsIcEEEE
FNL:3,38,39
FNA:3,9,_ZNK3mdp13BookProcessor15ticks_processedEv
FNL:4,42,43
FNA:4,16,_ZNK3mdp13BookProcessor12books_activeEv
FNL:5,46,96
FNA:5,10,_ZN3mdp13BookProcessor3runENS_9StopTokenE
FNL:6,98,142
FNA:6,31725,_ZN3mdp13BookProcessor14determine_sideENSt3__117basic_string_viewIcNS1_11char_traitsIcEEEEd
FNF:7
FNH:7
DA:27,20
DA:28,20
DA:30,31712
DA:31,31712
DA:32,31712
DA:33,1
DA:35,31711
DA:36,31712
DA:38,9
DA:39,9
DA:42,16
DA:43,16
DA:46,10
DA:47,10
DA:48,10
DA:51,126994
DA:52,126984
DA:53,95482
DA:54,95482
DA:57,31502
DA:58,31502
DA:59,31502
DA:60,31502
DA:61,23
DA:62,23
DA:63,23
DA:66,31502
DA:68,31502
DA:69,31502
DA:70,31502
DA:71,31502
DA:72,31502
DA:73,31502
DA:74,31502
DA:75,31502
DA:76,31502
DA:79,233
DA:80,223
DA:81,223
DA:82,223
DA:83,223
DA:84,0
DA:85,0
DA:86,0
DA:88,223
DA:89,223
DA:90,223
DA:91,223
DA:92,223
DA:93,223
DA:95,10
DA:96,10
DA:98,31725
DA:99,31725
DA:103,0
DA:106,31725
DA:107,31725
DA:108,31725
DA:109,23
DA:110,23
DA:113,31702
DA:114,31702
DA:120,31702
DA:121,31702
DA:122,63404
DA:123,4851
DA:124,36269
DA:125,31457
DA:126,26851
DA:127,26851
DA:128,31702
DA:130,21405
DA:132,21405
DA:133,21405
DA:134,31702
DA:136,31702
DA:141,31702
DA:142,31725
DA:144,31725
DA:145,31725
DA:146,31725
DA:147,31725
DA:148,31725
DA:149,31725
DA:150,31725
DA:151,31725
LF:86
LH:82
end_of_record
TN:
SF:/Users/adriandiaconescu/CLionProjects/market-data-processor/src/book/src/OrderBook.cpp
FNL:0,113,116
FNA:0,3,_ZZNK3mdp9OrderBook8snapshotEvENK3$_0clINSt3__14pairIKdyEEEEDaRKT_
FNL:1,118,119
FNA:1,110,_ZNK3mdp9OrderBook10bid_levelsEv
FNL:2,122,123
FNA:2,103,_ZNK3mdp9OrderBook10ask_levelsEv
FNL:3,126,132
FNA:3,1,_ZN3mdp9OrderBook5clearEv
FNL:4,134,135
FNA:4,7,_ZNK3mdp9OrderBook15updates_appliedEv
FNL:5,138,139
FNA:5,0,_ZNK3mdp9OrderBook14levels_removedEv
FNL:6,142,143
FNA:6,8,_ZNK3mdp9OrderBook6symbolEv
FNL:7,16,21
FNA:7,42,_ZN3mdp9OrderBookC1ENSt3__117basic_string_viewIcNS1_11char_traitsIcEEEE
FNA:7,42,_ZN3mdp9OrderBookC2ENSt3__117basic_string_viewIcNS1_11char_traitsIcEEEE
FNL:8,23,66
FNA:8,31876,_ZN3mdp9OrderBook5applyERKNS_9BookDeltaE
FNL:9,68,92
FNA:9,8,_ZNK3mdp9OrderBook11top_of_bookEv
FNL:10,95,112
FNA:10,12,_ZNK3mdp9OrderBook8snapshotEv
FNF:11
FNH:10
DA:16,126
DA:17,42
DA:18,42
DA:19,42
DA:20,42
DA:21,84
DA:23,31876
DA:26,31876
DA:27,31876
DA:31,31876
DA:32,31870
DA:33,1
DA:34,2
DA:37,1
DA:38,1
DA:41,31869
DA:42,20927
DA:43,41854
DA:46,20927
DA:47,20927
DA:49,10942
DA:51,10948
DA:52,4948
DA:53,4
DA:54,4
DA:56,4944
DA:57,4944
DA:60,6000
DA:61,2
DA:62,2
DA:65,5998
DA:66,31876
DA:68,8
DA:69,8
DA:70,8
DA:72,8
DA:73,6
DA:74,6
DA:75,6
DA:76,6
DA:78,8
DA:79,5
DA:80,5
DA:81,5
DA:82,5
DA:84,8
DA:85,5
DA:86,5
DA:88,8
DA:89,8
DA:90,8
DA:91,8
DA:92,8
DA:95,12
DA:97,24
DA:98,12
DA:99,12
DA:100,12
DA:101,12
DA:102,12
DA:103,12
DA:104,12
DA:106,12
DA:107,72
DA:108,60
DA:109,60
DA:111,12
DA:112,12
DA:113,3
DA:115,12
DA:116,12
DA:118,110
DA:119,110
DA:122,103
DA:123,103
DA:126,1
DA:127,1
DA:128,1
DA:129,1
DA:130,1
DA:131,1
DA:132,1
DA:134,7
DA:135,7
DA:138,0
DA:139,0
DA:142,8
DA:143,8
LF:88
LH:86
end_of_record
TN:
SF:/Users/adriandiaconescu/CLionProjects/market-data-processor/src/core/include/core/MarketTick.hpp
FNL:0,101,113
FNA:0,170005,_ZZNK3mdp10MarketTick9to_stringEvENKUlvE0_clEv
FNL:1,122,122
FNA:1,2,_ZNK3mdp10MarketTickeqERKS0_
FNL:2,129,131
FNA:2,0,_ZN3mdplsERNSt3__113basic_ostreamIcNS0_11char_traitsIcEEEERKNS_10MarketTickE
FNL:3,62,76
FNA:3,310187,_ZN3mdp10MarketTick4makeENSt3__117basic_string_viewIcNS1_11char_traitsIcEEEEddh
FNL:4,91,91
FNA:4,169772,_ZNK3mdp10MarketTick9to_stringEv
FNL:5,93,99
FNA:5,169942,_ZZNK3mdp10MarketTick9to_stringEvENKUlvE_clEv
FNF:6
FNH:5
DA:62,310187
DA:64,310187
DA:66,310187
DA:67,1638749
DA:68,1328562
DA:69,1328562
DA:70,310187
DA:71,310187
DA:72,310187
DA:73,310184
DA:74,310208
DA:75,310202
DA:76,310181
DA:91,169772
DA:93,339714
DA:94,955265
DA:95,955265
DA:96,169942
DA:97,785323
DA:98,0
DA:99,169942
DA:101,339777
DA:102,170005
DA:104,139696
DA:106,30309
DA:108,0
DA:110,170005
DA:112,339544
DA:113,169772
DA:122,9
DA:129,0
DA:130,0
DA:131,0
LF:33
LH:28
end_of_record
TN:
SF:/Users/adriandiaconescu/CLionProjects/market-data-processor/src/core/include/core/RingBuffer.hpp
FNL:0,100,100
FNA:0,2,_ZN3mdp10RingBufferINS_10MarketTickELm1024EEC1Ev
FNA:0,2,_ZN3mdp10RingBufferINS_10MarketTickELm1024EEC2Ev
FNA:0,24,_ZN3mdp10RingBufferINS_10MarketTickELm16384EEC1Ev
FNA:0,24,_ZN3mdp10RingBufferINS_10MarketTickELm16384EEC2Ev
FNA:0,54,_ZN3mdp10RingBufferINS_10MarketTickELm4096EEC1Ev
FNA:0,54,_ZN3mdp10RingBufferINS_10MarketTickELm4096EEC2Ev
FNA:0,6,_ZN3mdp10RingBufferINS_10MarketTickELm4EEC1Ev
FNA:0,6,_ZN3mdp10RingBufferINS_10MarketTickELm4EEC2Ev
FNL:1,115,136
FNA:1,226417,_ZN3mdp10RingBufferINS_10MarketTickELm1024EE8try_pushEOS1_
FNA:1,100190,_ZN3mdp10RingBufferINS_10MarketTickELm16384EE8try_pushEOS1_
FNA:1,239735,_ZN3mdp10RingBufferINS_10MarketTickELm4096EE8try_pushEOS1_
FNA:1,15,_ZN3mdp10RingBufferINS_10MarketTickELm4EE8try_pushEOS1_
FNL:2,146,167
FNA:2,846043,_ZN3mdp10RingBufferINS_10MarketTickELm1024EE7try_popERS1_
FNA:2,204100,_ZN3mdp10RingBufferINS_10MarketTickELm16384EE7try_popERS1_
FNA:2,366222,_ZN3mdp10RingBufferINS_10MarketTickELm4096EE7try_popERS1_
FNA:2,10,_ZN3mdp10RingBufferINS_10MarketTickELm4EE7try_popERS1_
FNL:3,175,178
FNA:3,1524,_ZNK3mdp10RingBufferINS_10MarketTickELm16384EE5emptyEv
FNA:3,1921,_ZNK3mdp10RingBufferINS_10MarketTickELm4096EE5emptyEv
FNA:3,2,_ZNK3mdp10RingBufferINS_10MarketTickELm4EE5emptyEv
FNL:4,182,185
FNA:4,1,_ZNK3mdp10RingBufferINS_10MarketTickELm4EE4fullEv
FNL:5,189,192
FNA:5,2,_ZNK3mdp10RingBufferINS_10MarketTickELm4EE4sizeEv
FNL:6,196,205
FNA:6,1,_ZN3mdp10RingBufferINS_10MarketTickELm4EE8capacityEv
FNL:7,213,214
FNA:7,4,_ZN3mdp10RingBufferINS_10MarketTickELm1024EE12AlignedIndexC1Ev
FNA:7,4,_ZN3mdp10RingBufferINS_10MarketTickELm1024EE12AlignedIndexC2Ev
FNA:7,48,_ZN3mdp10RingBufferINS_10MarketTickELm16384EE12AlignedIndexC1Ev
FNA:7,48,_ZN3mdp10RingBufferINS_10MarketTickELm16384EE12AlignedIndexC2Ev
FNA:7,108,_ZN3mdp10RingBufferINS_10MarketTickELm4096EE12AlignedIndexC1Ev
FNA:7,108,_ZN3mdp10RingBufferINS_10MarketTickELm4096EE12AlignedIndexC2Ev
FNA:7,12,_ZN3mdp10RingBufferINS_10MarketTickELm4EE12AlignedIndexC1Ev
FNA:7,12,_ZN3mdp10RingBufferINS_10MarketTickELm4EE12AlignedIndexC2Ev
FNF:8
FNH:8
DA:100,258
DA:115,566357
DA:118,566357
DA:123,566357
DA:125,566357
DA:126,139302
DA:129,427055
DA:133,427055
DA:135,427055
DA:136,566357
DA:146,1416375
DA:149,1416375
DA:154,1416375
DA:156,1416375
DA:157,1001402
DA:160,414973
DA:164,414973
DA:166,414973
DA:167,1416375
DA:175,3447
DA:176,3447
DA:177,3447
DA:178,3447
DA:182,1
DA:183,1
DA:184,1
DA:185,1
DA:189,2
DA:190,2
DA:191,2
DA:192,2
DA:196,1
DA:197,1
DA:205,86
DA:213,172
DA:214,172
LF:36
LH:36
end_of_record
TN:
SF:/Users/adriandiaconescu/CLionProjects/market-data-processor/src/core/include/core/ThreadBase.hpp
FNL:0,113,128
FNA:0,68,_ZN3mdp10ThreadBase5startEv
FNL:1,130,133
FNA:1,66,_ZZN3mdp10ThreadBase5startEvENKUlvE_clEv
FNL:2,139,148
FNA:2,66,_ZZZN3mdp10ThreadBase5startEvENKUlvE_clEvEN12FinallyGuardD1Ev
FNA:2,66,_ZZZN3mdp10ThreadBase5startEvENKUlvE_clEvEN12FinallyGuardD2Ev
FNL:3,155,166
FNA:3,209,_ZN3mdp10ThreadBase4stopEv
FNL:4,16,16
FNA:4,65,_ZN3mdp9StopTokenC1EPKNSt3__16atomicIbEE
FNA:4,65,_ZN3mdp9StopTokenC2EPKNSt3__16atomicIbEE
FNL:5,174,178
FNA:5,2774,_ZNK3mdp10ThreadBase10is_runningEv
FNL:6,18,22
FNA:6,690157,_ZNK3mdp9StopToken14stop_requestedEv
FNL:7,182,201
FNA:7,1,_ZNK3mdp10ThreadBase4nameEv
FNL:8,78,78
FNA:8,69,_ZN3mdp10ThreadBaseC2ENSt3__112basic_stringIcNS1_11char_traitsIcEENS1_9allocatorIcEEEE
FNL:9,86,94
FNA:9,0,_ZN3mdp10ThreadBaseD0Ev
FNA:9,0,_ZN3mdp10ThreadBaseD1Ev
FNA:9,69,_ZN3mdp10ThreadBaseD2Ev
FNF:10
FNH:10
DA:16,130
DA:18,690157
DA:22,690157
DA:78,138
DA:86,69
DA:93,69
DA:94,69
DA:113,68
DA:121,68
DA:122,2
DA:128,66
DA:130,132
DA:133,66
DA:139,132
DA:140,66
DA:143,66
DA:144,66
DA:146,0
DA:147,66
DA:148,68
DA:155,209
DA:162,209
DA:163,209
DA:164,66
DA:165,66
DA:166,209
DA:174,2774
DA:178,2774
DA:182,1
DA:200,69
DA:201,69
LF:31
LH:30
end_of_record
TN:
SF:/Users/adriandiaconescu/CLionProjects/market-data-processor/src/feed/include/feed/FeedConfig.hpp
FNL:0,13,13
FNA:0,17,_ZN3mdp10FeedConfigC1EOS0_
FNA:0,17,_ZN3mdp10FeedConfigC1ERKS0_
FNA:0,17,_ZN3mdp10FeedConfigC2EOS0_
FNA:0,17,_ZN3mdp10FeedConfigC2ERKS0_
FNA:0,55,_ZN3mdp10FeedConfigD1Ev
FNA:0,55,_ZN3mdp10FeedConfigD2Ev
FNL:1,31,34
FNA:1,21,_ZN3mdp10FeedConfig14default_configEv
FNL:2,47,61
FNA:2,4,_ZNK3mdp10FeedConfig8is_validEv
FNF:3
FNH:3
DA:13,17
DA:31,21
DA:32,42
DA:33,21
DA:34,21
DA:47,4
DA:48,4
DA:49,1
DA:51,3
DA:52,1
DA:54,2
DA:55,1
DA:57,1
DA:58,0
DA:60,1
DA:61,4
LF:16
LH:15
end_of_record
TN:
SF:/Users/adriandiaconescu/CLionProjects/market-data-processor/src/feed/include/feed/FeedSimulator.hpp
FNL:0,22,27
FNA:0,53,_ZN3mdp11SymbolStateC1EOS0_
FNA:0,52,_ZN3mdp11SymbolStateC1ERKS0_
FNA:0,52,_ZN3mdp11SymbolStateC1Ev
FNA:0,53,_ZN3mdp11SymbolStateC2EOS0_
FNA:0,52,_ZN3mdp11SymbolStateC2ERKS0_
FNA:0,52,_ZN3mdp11SymbolStateC2Ev
FNA:0,157,_ZN3mdp11SymbolStateD1Ev
FNA:0,157,_ZN3mdp11SymbolStateD2Ev
FNL:1,46,48
FNA:1,0,_ZN3mdp13FeedSimulatorD0Ev
FNA:1,17,_ZN3mdp13FeedSimulatorD1Ev
FNA:1,17,_ZN3mdp13FeedSimulatorD2Ev
FNL:2,57,59
FNA:2,16,_ZN3mdp13FeedSimulator5startEv
FNL:3,64,66
FNA:3,33,_ZN3mdp13FeedSimulator4stopEv
FNL:4,72,73
FNA:4,10,_ZNK3mdp13FeedSimulator10is_runningEv
FNL:5,80,137
FNA:5,1,_ZNK3mdp13FeedSimulator11source_nameEv
FNF:6
FNH:6
DA:22,52
DA:24,52
DA:25,52
DA:26,52
DA:27,52
DA:46,34
DA:47,17
DA:48,34
DA:57,16
DA:58,16
DA:59,16
DA:64,33
DA:65,33
DA:66,33
DA:72,10
DA:73,10
DA:80,1
DA:81,1
DA:136,17
DA:137,17
LF:20
LH:20
end_of_record
TN:
SF:/Users/adriandiaconescu/CLionProjects/market-data-processor/src/feed/include/feed/IFeedSource.hpp
FNL:0,19,19
FNA:0,0,_ZN3mdp11IFeedSourceD0Ev
FNA:0,0,_ZN3mdp11IFeedSourceD1Ev
FNA:0,17,_ZN3mdp11IFeedSourceD2Ev
FNL:1,37,38
FNA:1,0,_ZNK3mdp11IFeedSource15ticks_publishedEv
FNL:2,43,44
FNA:2,0,_ZNK3mdp11IFeedSource13ticks_droppedEv
FNL:3,57,57
FNA:3,17,_ZN3mdp11IFeedSourceC2Ev
FNF:4
FNH:2
DA:19,17
DA:37,0
DA:38,0
DA:43,0
DA:44,0
DA:57,17
LF:6
LH:2
end_of_record
TN:
SF:/Users/adriandiaconescu/CLionProjects/market-data-processor/src/feed/src/FeedSimulator.cpp
FNL:0,11,44
FNA:0,47429,_ZN3mdp12_GLOBAL__N_112update_priceERNS_11SymbolStateERNSt3__123mersenne_twister_engineIyLm64ELm312ELm156ELm31ELy13043109905998158313ELm29ELy6148914691236517205ELm17ELy8202884508482404352ELm37ELy18444473444759240704ELm43ELy6364136223846793005EEE
FNL:1,124,137
FNA:1,47429,_ZN3mdp13FeedSimulator13generate_tickEm
FNL:2,140,157
FNA:2,15941,_ZN3mdp13FeedSimulator12rate_controlERNSt3__16chrono10time_pointINS2_12steady_clockENS2_8durationIxNS1_5ratioILl1ELl1000000000EEEEEEES8_
FNL:3,48,67
FNA:3,17,_ZN3mdp13FeedSimulatorC1ENS_10FeedConfigERNS_10RingBufferINS_10MarketTickELm16384EEE
FNA:3,17,_ZN3mdp13FeedSimulatorC2ENS_10FeedConfigERNS_10RingBufferINS_10MarketTickELm16384EEE
FNL:4,69,70
FNA:4,7,_ZNK3mdp13FeedSimulator15ticks_publishedEv
FNL:5,73,74
FNA:5,6,_ZNK3mdp13FeedSimulator13ticks_droppedEv
FNL:6,77,122
FNA:6,15,_ZN3mdp13FeedSimulator3runENS_9StopTokenE
FNF:7
FNH:7
DA:11,47429
DA:14,47429
DA:15,47429
DA:18,47429
DA:19,47429
DA:20,47429
DA:23,47429
DA:24,47429
DA:25,47429
DA:26,47429
DA:28,47429
DA:29,14635
DA:30,14635
DA:31,14635
DA:32,14635
DA:33,14635
DA:35,47429
DA:36,47429
DA:37,47429
DA:38,47429
DA:41,47429
DA:42,47429
DA:43,47429
DA:44,47429
DA:48,34
DA:49,17
DA:50,17
DA:51,17
DA:52,68
DA:54,69
DA:55,52
DA:56,52
DA:57,52
DA:60,52
DA:61,50
DA:62,48
DA:63,33
DA:65,52
DA:66,52
DA:67,34
DA:69,7
DA:70,7
DA:73,6
DA:74,6
DA:77,15
DA:78,15
DA:80,15
DA:81,1
DA:82,1
DA:85,14
DA:87,14
DA:88,14
DA:90,15955
DA:91,63370
DA:92,47429
DA:98,47429
DA:99,47429
DA:100,47429
DA:102,94858
DA:110,47429
DA:111,47429
DA:112,41980
DA:113,41980
DA:114,5449
DA:116,47429
DA:118,15941
DA:121,14
DA:122,15
DA:124,47429
DA:125,47429
DA:126,47429
DA:128,47429
DA:129,47429
DA:132,47429
DA:133,47429
DA:134,47429
DA:135,47429
DA:137,47429
DA:140,15941
DA:142,15941
DA:144,15941
DA:145,15941
DA:146,15941
DA:148,15941
DA:150,15941
DA:151,9260
DA:152,9260
DA:154,16702
DA:155,761
DA:157,15941
LF:90
LH:90
end_of_record
TN:
SF:/Users/adriandiaconescu/CLionProjects/market-data-processor/src/infra/include/infra/Logger.hpp
FNL:0,25,31
FNA:0,10,_ZN3mdp6Logger4initENSt3__117basic_string_viewIcNS1_11char_traitsIcEEEEN6spdlog5level10level_enumE
FNL:1,34,56
FNA:1,64,_ZN3mdp6Logger3getENSt3__117basic_string_viewIcNS1_11char_traitsIcEEEE
FNL:2,59,61
FNA:2,10,_ZN3mdp6Logger8shutdownEv
FNF:3
FNH:3
DA:25,10
DA:26,10
DA:27,10
DA:28,10
DA:29,10
DA:30,10
DA:31,10
DA:34,64
DA:35,64
DA:36,64
DA:37,41
DA:38,41
DA:39,37
DA:43,37
DA:44,37
DA:48,4
DA:49,4
DA:50,4
DA:51,4
DA:52,4
DA:53,41
DA:54,41
DA:55,64
DA:56,64
DA:59,10
DA:60,10
DA:61,10
LF:27
LH:27
end_of_record
TN:
SF:/Users/adriandiaconescu/CLionProjects/market-data-processor/src/infra/include/infra/MetricsCollector.hpp
FNL:0,111,122
FNA:0,1,_ZNK3mdp16MetricsCollector6to_logEv
FNL:1,37,38
FNA:1,3,_ZNK3mdp16PipelineSnapshot14feed_drop_rateEv
FNL:2,41,42
FNA:2,2,_ZNK3mdp16PipelineSnapshot18parser_reject_rateEv
FNL:3,45,47
FNA:3,1,_ZNK3mdp16PipelineSnapshot15norm_dedup_rateEv
FNL:4,53,58
FNA:4,4,_ZN3mdp16MetricsCollectorC1ERKNS_13FeedSimulatorERKNS_10TickParserERKNS_10NormalizerERKNS_13BookProcessorE
FNA:4,4,_ZN3mdp16MetricsCollectorC2ERKNS_13FeedSimulatorERKNS_10TickParserERKNS_10NormalizerERKNS_13BookProcessorE
FNL:5,60,79
FNA:5,4,_ZNK3mdp16MetricsCollector8snapshotEv
FNL:6,82,109
FNA:6,1,_ZNK3mdp16MetricsCollector7to_jsonEv
FNF:7
FNH:7
DA:37,3
DA:38,3
DA:41,2
DA:42,2
DA:45,1
DA:46,1
DA:47,1
DA:53,8
DA:58,8
DA:60,4
DA:61,4
DA:62,4
DA:63,4
DA:64,4
DA:65,4
DA:67,4
DA:68,4
DA:69,4
DA:70,4
DA:72,4
DA:73,4
DA:75,4
DA:76,4
DA:77,4
DA:79,4
DA:82,1
DA:83,1
DA:84,7
DA:85,1
DA:86,3
DA:87,1
DA:88,1
DA:90,3
DA:91,1
DA:92,1
DA:94,4
DA:95,1
DA:96,1
DA:97,1
DA:99,3
DA:100,1
DA:101,1
DA:103,4
DA:104,1
DA:105,1
DA:106,1
DA:109,0
DA:111,1
DA:112,1
DA:113,1
DA:114,1
DA:115,1
DA:116,1
DA:117,1
DA:118,1
DA:119,1
DA:121,1
DA:122,1
LF:58
LH:57
end_of_record
TN:
SF:/Users/adriandiaconescu/CLionProjects/market-data-processor/src/processing/include/processing/Normalizer.hpp
FNL:0,20,28
FNA:0,22,_ZN3mdp15NormalizerStatsC1Ev
FNA:0,22,_ZN3mdp15NormalizerStatsC2Ev
FNL:1,38,41
FNA:1,19,_ZNK3mdp15NormalizerStats8snapshotEv
FNL:2,58,60
FNA:2,0,_ZN3mdp10NormalizerD0Ev
FNA:2,22,_ZN3mdp10NormalizerD1Ev
FNA:2,22,_ZN3mdp10NormalizerD2Ev
FNF:3
FNH:3
DA:20,22
DA:22,22
DA:25,22
DA:28,22
DA:38,19
DA:39,57
DA:40,19
DA:41,19
DA:58,44
DA:59,22
DA:60,44
LF:11
LH:11
end_of_record
TN:
SF:/Users/adriandiaconescu/CLionProjects/market-data-processor/src/processing/include/processing/TickParser.hpp
FNL:0,30,73
FNA:0,0,_ZN3mdp10TickParserD0Ev
FNA:0,17,_ZN3mdp10TickParserD1Ev
FNA:0,17,_ZN3mdp10TickParserD2Ev
FNF:1
FNH:1
DA:30,34
DA:31,17
DA:32,34
DA:72,17
DA:73,17
LF:5
LH:5
end_of_record
TN:
SF:/Users/adriandiaconescu/CLionProjects/market-data-processor/src/processing/src/Normalizer.cpp
FNL:0,102,110
FNA:0,82136,_ZNK3mdp10Normalizer12is_reorderedERKNS_10MarketTickE
FNL:1,11,18
FNA:1,328515,_ZNK3mdp10Normalizer10SymbolHashclERKNSt3__15arrayIcLm8EEE
FNL:2,112,115
FNA:2,82135,_ZN3mdp10Normalizer12update_stateERKNS_10MarketTickE
FNL:3,21,22
FNA:3,22,_ZN3mdp10NormalizerC1ERNS_10RingBufferINS_10MarketTickELm4096EEES4_
FNA:3,22,_ZN3mdp10NormalizerC2ERNS_10RingBufferINS_10MarketTickELm4096EEES4_
FNL:4,24,25
FNA:4,19,_ZNK3mdp10Normalizer5statsEv
FNL:5,28,90
FNA:5,21,_ZN3mdp10Normalizer3runENS_9StopTokenE
FNL:6,92,100
FNA:6,82141,_ZNK3mdp10Normalizer12is_duplicateERKNS_10MarketTickE
FNF:7
FNH:7
DA:11,328515
DA:13,328515
DA:14,2956635
DA:15,2628120
DA:16,2628120
DA:18,328515
DA:21,44
DA:22,44
DA:24,19
DA:25,19
DA:28,21
DA:29,21
DA:30,21
DA:33,181995
DA:34,181974
DA:35,48967
DA:36,2
DA:37,2
DA:39,48965
DA:40,1
DA:41,1
DA:44,48964
DA:45,48964
DA:49,48964
DA:50,92153
DA:51,92151
DA:52,48962
DA:53,48962
DA:55,43189
DA:58,48964
DA:59,48962
DA:60,48962
DA:61,48964
DA:62,133007
DA:67,33195
DA:68,33174
DA:69,3
DA:70,3
DA:72,33171
DA:73,0
DA:74,0
DA:77,33171
DA:78,33171
DA:81,33171
DA:82,4083
DA:83,4083
DA:86,21
DA:87,21
DA:88,21
DA:89,21
DA:90,21
DA:92,82141
DA:93,82141
DA:94,82141
DA:95,82102
DA:96,5
DA:98,82097
DA:99,82136
DA:100,82141
DA:102,82136
DA:103,82136
DA:104,82136
DA:105,82097
DA:106,1
DA:108,82096
DA:109,82135
DA:110,82136
DA:112,82135
DA:113,82135
DA:114,82135
DA:115,82135
LF:71
LH:69
end_of_record
TN:
SF:/Users/adriandiaconescu/CLionProjects/market-data-processor/src/processing/src/TickParser.cpp
FNL:0,12,13
FNA:0,17,_ZN3mdp10TickParserC1ERNS_10RingBufferINS_10MarketTickELm16384EEERNS1_IS2_Lm4096EEE
FNA:0,17,_ZN3mdp10TickParserC2ERNS_10RingBufferINS_10MarketTickELm16384EEERNS1_IS2_Lm4096EEE
FNL:1,15,16
FNA:1,10,_ZNK3mdp10TickParser15ticks_processedEv
FNL:2,19,20
FNA:2,12,_ZNK3mdp10TickParser14ticks_rejectedEv
FNL:3,23,69
FNA:3,17,_ZN3mdp10TickParser3runENS_9StopTokenE
FNL:4,71,88
FNA:4,88529,_ZNK3mdp10TickParser8validateERKNS_10MarketTickE
FNL:5,90,95
FNA:5,88521,_ZNK3mdp10TickParser6enrichERNS_10MarketTickE
FNF:6
FNH:6
DA:12,34
DA:13,34
DA:15,10
DA:16,10
DA:19,12
DA:20,12
DA:23,17
DA:24,17
DA:25,17
DA:28,187715
DA:29,187698
DA:30,72144
DA:31,72136
DA:32,72136
DA:35,72136
DA:36,88268
DA:37,88266
DA:38,72134
DA:39,72134
DA:41,16132
DA:43,72136
DA:44,72134
DA:45,72134
DA:46,72136
DA:47,8
DA:49,72144
DA:50,115554
DA:55,16402
DA:56,16385
DA:57,16385
DA:58,16385
DA:60,16385
DA:61,1
DA:62,1
DA:63,16385
DA:64,0
DA:68,17
DA:69,17
DA:71,88529
DA:72,88529
DA:73,4
DA:75,88525
DA:76,2
DA:78,88523
DA:79,0
DA:81,88523
DA:82,0
DA:84,88523
DA:85,2
DA:87,88521
DA:88,88529
DA:90,88521
DA:91,88521
DA:92,88521
DA:93,0
DA:94,0
DA:95,88521
LF:57
LH:52
end_of_record
