<?xml version="1.0" encoding="UTF-8"?>
<testsuites tests="77" failures="0" disabled="0" errors="0" time="3.781" timestamp="2026-05-10T11:25:40.870" name="AllTests">
  <testsuite name="MarketTickTest" tests="7" failures="0" disabled="0" skipped="0" errors="0" time="0." timestamp="2026-05-10T11:25:40.870">
    <testcase name="SizeIs40Bytes" file="/Users/adriandiaconescu/CLionProjects/market-data-processor/tests/core_tests.cpp" line="22" status="run" result="completed" time="0." timestamp="2026-05-10T11:25:40.870" classname="MarketTickTest" />
    <testcase name="TrivialCopyability" file="/Users/adriandiaconescu/CLionProjects/market-data-processor/tests/core_tests.cpp" line="26" status="run" result="completed" time="0." timestamp="2026-05-10T11:25:40.870" classname="MarketTickTest" />
    <testcase name="MakePopulatesAllFields" file="/Users/adriandiaconescu/CLionProjects/market-data-processor/tests/core_tests.cpp" line="31" status="run" result="completed" time="0." timestamp="2026-05-10T11:25:40.870" classname="MarketTickTest" />
    <testcase name="TimestampIsMonotonicallyIncreasing" file="/Users/adriandiaconescu/CLionProjects/market-data-processor/tests/core_tests.cpp" line="47" status="run" result="completed" time="0." timestamp="2026-05-10T11:25:40.870" classname="MarketTickTest" />
    <testcase name="SymbolTruncatesAt8Chars" file="/Users/adriandiaconescu/CLionProjects/market-data-processor/tests/core_tests.cpp" line="53" status="run" result="completed" time="0." timestamp="2026-05-10T11:25:40.870" classname="MarketTickTest" />
    <testcase name="ToStringContainsPriceAndSymbol" file="/Users/adriandiaconescu/CLionProjects/market-data-processor/tests/core_tests.cpp" line="59" status="run" result="completed" time="0." timestamp="2026-05-10T11:25:40.870" classname="MarketTickTest" />
    <testcase name="EqualityOperator" file="/Users/adriandiaconescu/CLionProjects/market-data-processor/tests/core_tests.cpp" line="67" status="run" result="completed" time="0." timestamp="2026-05-10T11:25:40.870" classname="MarketTickTest" />
  </testsuite>
  <testsuite name="RingBufferTest" tests="6" failures="0" disabled="0" skipped="0" errors="0" time="0." timestamp="2026-05-10T11:25:40.871">
    <testcase name="EmptyOnConstruction" file="/Users/adriandiaconescu/CLionProjects/market-data-processor/tests/core_tests.cpp" line="87" status="run" result="completed" time="0." timestamp="2026-05-10T11:25:40.871" classname="RingBufferTest" />
    <testcase name="PushToEmptySucceeds" file="/Users/adriandiaconescu/CLionProjects/market-data-processor/tests/core_tests.cpp" line="93" status="run" result="completed" time="0." timestamp="2026-05-10T11:25:40.871" classname="RingBufferTest" />
    <testcase name="PopFromEmptyReturnsFalse" file="/Users/adriandiaconescu/CLionProjects/market-data-processor/tests/core_tests.cpp" line="99" status="run" result="completed" time="0." timestamp="2026-05-10T11:25:40.871" classname="RingBufferTest" />
    <testcase name="PushBeyondCapacityReturnsFalse" file="/Users/adriandiaconescu/CLionProjects/market-data-processor/tests/core_tests.cpp" line="104" status="run" result="completed" time="0." timestamp="2026-05-10T11:25:40.871" classname="RingBufferTest" />
    <testcase name="FIFOOrderPreserved" file="/Users/adriandiaconescu/CLionProjects/market-data-processor/tests/core_tests.cpp" line="114" status="run" result="completed" time="0." timestamp="2026-05-10T11:25:40.871" classname="RingBufferTest" />
    <testcase name="WrapAroundMaintainsIntegrity" file="/Users/adriandiaconescu/CLionProjects/market-data-processor/tests/core_tests.cpp" line="130" status="run" result="completed" time="0." timestamp="2026-05-10T11:25:40.871" classname="RingBufferTest" />
  </testsuite>
  <testsuite name="SPSCConcurrentTest" tests="2" failures="0" disabled="0" skipped="0" errors="0" time="0.044" timestamp="2026-05-10T11:25:40.871">
    <testcase name="NoDataLossUnderConcurrentLoad" file="/Users/adriandiaconescu/CLionProjects/market-data-processor/tests/core_tests.cpp" line="157" status="run" result="completed" time="0.025" timestamp="2026-05-10T11:25:40.871" classname="SPSCConcurrentTest" />
    <testcase name="ThroughputBaseline" file="/Users/adriandiaconescu/CLionProjects/market-data-processor/tests/core_tests.cpp" line="194" status="run" result="completed" time="0.018" timestamp="2026-05-10T11:25:40.897" classname="SPSCConcurrentTest" />
  </testsuite>
  <testsuite name="ThreadBaseTest" tests="3" failures="0" disabled="0" skipped="0" errors="0" time="0.022" timestamp="2026-05-10T11:25:40.915">
    <testcase name="WorkerStartsAndStops" file="/Users/adriandiaconescu/CLionProjects/market-data-processor/tests/core_tests.cpp" line="248" status="run" result="completed" time="0.014" timestamp="2026-05-10T11:25:40.915" classname="ThreadBaseTest" />
    <testcase name="ExplicitDestructorStopsThreadCleanly" file="/Users/adriandiaconescu/CLionProjects/market-data-processor/tests/core_tests.cpp" line="269" status="run" result="completed" time="0.005" timestamp="2026-05-10T11:25:40.929" classname="ThreadBaseTest" />
    <testcase name="DoubleStopIsIdempotent" file="/Users/adriandiaconescu/CLionProjects/market-data-processor/tests/core_tests.cpp" line="279" status="run" result="completed" time="0.002" timestamp="2026-05-10T11:25:40.935" classname="ThreadBaseTest" />
  </testsuite>
  <testsuite name="IntegrationTest" tests="6" failures="0" disabled="0" skipped="0" errors="0" time="1.774" timestamp="2026-05-10T11:25:40.938">
    <testcase name="FullPipelineProducesValidTicks" file="/Users/adriandiaconescu/CLionProjects/market-data-processor/tests/integration_test.cpp" line="39" status="run" result="completed" time="0.205" timestamp="2026-05-10T11:25:40.938" classname="IntegrationTest" />
    <testcase name="PipelineHandlesHighThroughputWithoutCrash" file="/Users/adriandiaconescu/CLionProjects/market-data-processor/tests/integration_test.cpp" line="106" status="run" result="completed" time="0.643" timestamp="2026-05-10T11:25:41.144" classname="IntegrationTest" />
    <testcase name="PipelineStopIsCleanWithRAII" file="/Users/adriandiaconescu/CLionProjects/market-data-processor/tests/integration_test.cpp" line="163" status="run" result="completed" time="0.033" timestamp="2026-05-10T11:25:41.787" classname="IntegrationTest" />
    <testcase name="BookProcessorReceivesTicks" file="/Users/adriandiaconescu/CLionProjects/market-data-processor/tests/integration_test.cpp" line="208" status="run" result="completed" time="0.304" timestamp="2026-05-10T11:25:41.821" classname="IntegrationTest" />
    <testcase name="FullPipelineSmoke" file="/Users/adriandiaconescu/CLionProjects/market-data-processor/tests/integration_test.cpp" line="286" status="run" result="completed" time="0.201" timestamp="2026-05-10T11:25:42.126" classname="IntegrationTest" />
    <testcase name="GracefulShutdownUnderLoad" file="/Users/adriandiaconescu/CLionProjects/market-data-processor/tests/integration_test.cpp" line="338" status="run" result="completed" time="0.385" timestamp="2026-05-10T11:25:42.327" classname="IntegrationTest" />
  </testsuite>
  <testsuite name="OrderBookTest" tests="14" failures="0" disabled="0" skipped="0" errors="0" time="0.001" timestamp="2026-05-10T11:25:42.712">
    <testcase name="EmptyBookBestBidAndAskReturnsZero" file="/Users/adriandiaconescu/CLionProjects/market-data-processor/tests/book_tests.cpp" line="41" status="run" result="completed" time="0." timestamp="2026-05-10T11:25:42.712" classname="OrderBookTest" />
    <testcase name="InsertSingleBidReturnsPrice" file="/Users/adriandiaconescu/CLionProjects/market-data-processor/tests/book_tests.cpp" line="50" status="run" result="completed" time="0." timestamp="2026-05-10T11:25:42.712" classname="OrderBookTest" />
    <testcase name="InsertSingleAskReturnsPrice" file="/Users/adriandiaconescu/CLionProjects/market-data-processor/tests/book_tests.cpp" line="57" status="run" result="completed" time="0." timestamp="2026-05-10T11:25:42.712" classname="OrderBookTest" />
    <testcase name="BestBidIsHighestBidPrice" file="/Users/adriandiaconescu/CLionProjects/market-data-processor/tests/book_tests.cpp" line="64" status="run" result="completed" time="0." timestamp="2026-05-10T11:25:42.712" classname="OrderBookTest" />
    <testcase name="BestAskIsLowestAskPrice" file="/Users/adriandiaconescu/CLionProjects/market-data-processor/tests/book_tests.cpp" line="74" status="run" result="completed" time="0." timestamp="2026-05-10T11:25:42.712" classname="OrderBookTest" />
    <testcase name="RemovePriceLevelOnZeroVolume" file="/Users/adriandiaconescu/CLionProjects/market-data-processor/tests/book_tests.cpp" line="84" status="run" result="completed" time="0." timestamp="2026-05-10T11:25:42.712" classname="OrderBookTest" />
    <testcase name="CrossedBookInsertingAskLessThanBestBidIsRejected" file="/Users/adriandiaconescu/CLionProjects/market-data-processor/tests/book_tests.cpp" line="93" status="run" result="completed" time="0." timestamp="2026-05-10T11:25:42.713" classname="OrderBookTest" />
    <testcase name="UpdateExistingPriceLevel" file="/Users/adriandiaconescu/CLionProjects/market-data-processor/tests/book_tests.cpp" line="105" status="run" result="completed" time="0." timestamp="2026-05-10T11:25:42.713" classname="OrderBookTest" />
    <testcase name="SnapshotContainsAllLevels" file="/Users/adriandiaconescu/CLionProjects/market-data-processor/tests/book_tests.cpp" line="113" status="run" result="completed" time="0." timestamp="2026-05-10T11:25:42.713" classname="OrderBookTest" />
    <testcase name="SnapshotSequenceMonotonicallyIncreases" file="/Users/adriandiaconescu/CLionProjects/market-data-processor/tests/book_tests.cpp" line="133" status="run" result="completed" time="0." timestamp="2026-05-10T11:25:42.713" classname="OrderBookTest" />
    <testcase name="ClearResetsAllState" file="/Users/adriandiaconescu/CLionProjects/market-data-processor/tests/book_tests.cpp" line="143" status="run" result="completed" time="0." timestamp="2026-05-10T11:25:42.713" classname="OrderBookTest" />
    <testcase name="UpdatesAppliedCounterIsAccurate" file="/Users/adriandiaconescu/CLionProjects/market-data-processor/tests/book_tests.cpp" line="158" status="run" result="completed" time="0." timestamp="2026-05-10T11:25:42.713" classname="OrderBookTest" />
    <testcase name="IndependentStateForDifferentSymbols" file="/Users/adriandiaconescu/CLionProjects/market-data-processor/tests/book_tests.cpp" line="171" status="run" result="completed" time="0." timestamp="2026-05-10T11:25:42.713" classname="OrderBookTest" />
    <testcase name="RandomOperationsMaintainConsistency" file="/Users/adriandiaconescu/CLionProjects/market-data-processor/tests/book_tests.cpp" line="196" status="run" result="completed" time="0." timestamp="2026-05-10T11:25:42.713" classname="OrderBookTest" />
  </testsuite>
  <testsuite name="BookProcessorTest" tests="3" failures="0" disabled="0" skipped="0" errors="0" time="0.12" timestamp="2026-05-10T11:25:42.714">
    <testcase name="ProcessorStartsAndStopsCleanly" file="/Users/adriandiaconescu/CLionProjects/market-data-processor/tests/book_tests.cpp" line="231" status="run" result="completed" time="0.012" timestamp="2026-05-10T11:25:42.714" classname="BookProcessorTest" />
    <testcase name="ProcessesTicksAndUpdatesCorrectOrderBook" file="/Users/adriandiaconescu/CLionProjects/market-data-processor/tests/book_tests.cpp" line="239" status="run" result="completed" time="0.055" timestamp="2026-05-10T11:25:42.726" classname="BookProcessorTest" />
    <testcase name="UnknownSymbolTickDoesNotCrash" file="/Users/adriandiaconescu/CLionProjects/market-data-processor/tests/book_tests.cpp" line="273" status="run" result="completed" time="0.052" timestamp="2026-05-10T11:25:42.781" classname="BookProcessorTest" />
  </testsuite>
  <testsuite name="BookEdgeCasesTest" tests="2" failures="0" disabled="0" skipped="0" errors="0" time="0." timestamp="2026-05-10T11:25:42.834">
    <testcase name="CrossedBookIsRejected" file="/Users/adriandiaconescu/CLionProjects/market-data-processor/tests/book_tests.cpp" line="295" status="run" result="completed" time="0." timestamp="2026-05-10T11:25:42.834" classname="BookEdgeCasesTest" />
    <testcase name="ZeroVolumeOnNonExistentLevelIsNoOp" file="/Users/adriandiaconescu/CLionProjects/market-data-processor/tests/book_tests.cpp" line="318" status="run" result="completed" time="0." timestamp="2026-05-10T11:25:42.834" classname="BookEdgeCasesTest" />
  </testsuite>
  <testsuite name="MetricsCollectorTest" tests="4" failures="0" disabled="0" skipped="0" errors="0" time="0.812" timestamp="2026-05-10T11:25:42.834">
    <testcase name="SnapshotCapturesNonZeroCounts" file="/Users/adriandiaconescu/CLionProjects/market-data-processor/tests/infra_tests.cpp" line="25" status="run" result="completed" time="0.201" timestamp="2026-05-10T11:25:42.834" classname="MetricsCollectorTest" />
    <testcase name="DropRateIsZeroOrPositive" file="/Users/adriandiaconescu/CLionProjects/market-data-processor/tests/infra_tests.cpp" line="73" status="run" result="completed" time="0.205" timestamp="2026-05-10T11:25:43.035" classname="MetricsCollectorTest" />
    <testcase name="ToJsonProducesValidStructure" file="/Users/adriandiaconescu/CLionProjects/market-data-processor/tests/infra_tests.cpp" line="106" status="run" result="completed" time="0.202" timestamp="2026-05-10T11:25:43.241" classname="MetricsCollectorTest" />
    <testcase name="ToLogDoesNotThrow" file="/Users/adriandiaconescu/CLionProjects/market-data-processor/tests/infra_tests.cpp" line="145" status="run" result="completed" time="0.202" timestamp="2026-05-10T11:25:43.443" classname="MetricsCollectorTest" />
  </testsuite>
  <testsuite name="FeedConfigTest" tests="4" failures="0" disabled="0" skipped="0" errors="0" time="0." timestamp="2026-05-10T11:25:43.646">
    <testcase name="DefaultConfigIsValid" file="/Users/adriandiaconescu/CLionProjects/market-data-processor/tests/feed_tests.cpp" line="22" status="run" result="completed" time="0." timestamp="2026-05-10T11:25:43.646" classname="FeedConfigTest" />
    <testcase name="InvalidConfigZeroTickRate" file="/Users/adriandiaconescu/CLionProjects/market-data-processor/tests/feed_tests.cpp" line="29" status="run" result="completed" time="0." timestamp="2026-05-10T11:25:43.646" classname="FeedConfigTest" />
    <testcase name="InvalidConfigSymbolPriceMismatch" file="/Users/adriandiaconescu/CLionProjects/market-data-processor/tests/feed_tests.cpp" line="35" status="run" result="completed" time="0." timestamp="2026-05-10T11:25:43.646" classname="FeedConfigTest" />
    <testcase name="InvalidConfigZeroVolatility" file="/Users/adriandiaconescu/CLionProjects/market-data-processor/tests/feed_tests.cpp" line="41" status="run" result="completed" time="0." timestamp="2026-05-10T11:25:43.646" classname="FeedConfigTest" />
  </testsuite>
  <testsuite name="FeedSimulatorTest" tests="7" failures="0" disabled="0" skipped="0" errors="0" time="0.247" timestamp="2026-05-10T11:25:43.646">
    <testcase name="ConstructsWithoutThrowing" file="/Users/adriandiaconescu/CLionProjects/market-data-processor/tests/feed_tests.cpp" line="56" status="run" result="completed" time="0." timestamp="2026-05-10T11:25:43.646" classname="FeedSimulatorTest" />
    <testcase name="StartSetsIsRunningTrueWithin50ms" file="/Users/adriandiaconescu/CLionProjects/market-data-processor/tests/feed_tests.cpp" line="63" status="run" result="completed" time="0.001" timestamp="2026-05-10T11:25:43.646" classname="FeedSimulatorTest" />
    <testcase name="StopSetsIsRunningFalseWithin100ms" file="/Users/adriandiaconescu/CLionProjects/market-data-processor/tests/feed_tests.cpp" line="75" status="run" result="completed" time="0.151" timestamp="2026-05-10T11:25:43.647" classname="FeedSimulatorTest" />
    <testcase name="DoubleStartIsNoOp" file="/Users/adriandiaconescu/CLionProjects/market-data-processor/tests/feed_tests.cpp" line="87" status="run" result="completed" time="0.025" timestamp="2026-05-10T11:25:43.799" classname="FeedSimulatorTest" />
    <testcase name="DoubleStopIsNoOp" file="/Users/adriandiaconescu/CLionProjects/market-data-processor/tests/feed_tests.cpp" line="101" status="run" result="completed" time="0.048" timestamp="2026-05-10T11:25:43.824" classname="FeedSimulatorTest" />
    <testcase name="DestructorWithRunningThreadDoesNotHang" file="/Users/adriandiaconescu/CLionProjects/market-data-processor/tests/feed_tests.cpp" line="116" status="run" result="completed" time="0.021" timestamp="2026-05-10T11:25:43.872" classname="FeedSimulatorTest" />
    <testcase name="SourceNameReturnsNonEmptyStringView" file="/Users/adriandiaconescu/CLionProjects/market-data-processor/tests/feed_tests.cpp" line="129" status="run" result="completed" time="0." timestamp="2026-05-10T11:25:43.894" classname="FeedSimulatorTest" />
  </testsuite>
  <testsuite name="TickParserTest" tests="7" failures="0" disabled="0" skipped="0" errors="0" time="0.161" timestamp="2026-05-10T11:25:43.894">
    <testcase name="ValidTickPassesThrough" file="/Users/adriandiaconescu/CLionProjects/market-data-processor/tests/processing_tests.cpp" line="40" status="run" result="completed" time="0.022" timestamp="2026-05-10T11:25:43.894" classname="TickParserTest" />
    <testcase name="NegativePriceIsRejected" file="/Users/adriandiaconescu/CLionProjects/market-data-processor/tests/processing_tests.cpp" line="56" status="run" result="completed" time="0.024" timestamp="2026-05-10T11:25:43.916" classname="TickParserTest" />
    <testcase name="ZeroVolumeIsRejected" file="/Users/adriandiaconescu/CLionProjects/market-data-processor/tests/processing_tests.cpp" line="70" status="run" result="completed" time="0.022" timestamp="2026-05-10T11:25:43.941" classname="TickParserTest" />
    <testcase name="EmptySymbolIsRejected" file="/Users/adriandiaconescu/CLionProjects/market-data-processor/tests/processing_tests.cpp" line="82" status="run" result="completed" time="0.025" timestamp="2026-05-10T11:25:43.963" classname="TickParserTest" />
    <testcase name="ParseMalformedInputIsRejected" file="/Users/adriandiaconescu/CLionProjects/market-data-processor/tests/processing_tests.cpp" line="98" status="run" result="completed" time="0.02" timestamp="2026-05-10T11:25:43.988" classname="TickParserTest" />
    <testcase name="ParsePreservesSymbolStringExactly" file="/Users/adriandiaconescu/CLionProjects/market-data-processor/tests/processing_tests.cpp" line="123" status="run" result="completed" time="0.024" timestamp="2026-05-10T11:25:44.009" classname="TickParserTest" />
    <testcase name="ParseExtremePriceValues" file="/Users/adriandiaconescu/CLionProjects/market-data-processor/tests/processing_tests.cpp" line="139" status="run" result="completed" time="0.021" timestamp="2026-05-10T11:25:44.033" classname="TickParserTest" />
  </testsuite>
  <testsuite name="NormalizerTest" tests="12" failures="0" disabled="0" skipped="0" errors="0" time="0.596" timestamp="2026-05-10T11:25:44.055">
    <testcase name="ConstructsWithoutThrowing" file="/Users/adriandiaconescu/CLionProjects/market-data-processor/tests/processing_tests.cpp" line="169" status="run" result="completed" time="0." timestamp="2026-05-10T11:25:44.055" classname="NormalizerTest" />
    <testcase name="StartSetsIsRunningTrueWithin50ms" file="/Users/adriandiaconescu/CLionProjects/market-data-processor/tests/processing_tests.cpp" line="176" status="run" result="completed" time="0.053" timestamp="2026-05-10T11:25:44.055" classname="NormalizerTest" />
    <testcase name="StopSetsIsRunningFalseWithin100ms" file="/Users/adriandiaconescu/CLionProjects/market-data-processor/tests/processing_tests.cpp" line="184" status="run" result="completed" time="0.159" timestamp="2026-05-10T11:25:44.109" classname="NormalizerTest" />
    <testcase name="DoubleStartIsNoOp" file="/Users/adriandiaconescu/CLionProjects/market-data-processor/tests/processing_tests.cpp" line="195" status="run" result="completed" time="0.025" timestamp="2026-05-10T11:25:44.268" classname="NormalizerTest" />
    <testcase name="DoubleStopIsNoOp" file="/Users/adriandiaconescu/CLionProjects/market-data-processor/tests/processing_tests.cpp" line="208" status="run" result="completed" time="0.044" timestamp="2026-05-10T11:25:44.293" classname="NormalizerTest" />
    <testcase name="DestructorWithRunningThreadDoesNotHang" file="/Users/adriandiaconescu/CLionProjects/market-data-processor/tests/processing_tests.cpp" line="222" status="run" result="completed" time="0.02" timestamp="2026-05-10T11:25:44.338" classname="NormalizerTest" />
    <testcase name="UniqueTicsAreForwarded" file="/Users/adriandiaconescu/CLionProjects/market-data-processor/tests/processing_tests.cpp" line="233" status="run" result="completed" time="0.034" timestamp="2026-05-10T11:25:44.359" classname="NormalizerTest" />
    <testcase name="ExactDuplicateIsDropped" file="/Users/adriandiaconescu/CLionProjects/market-data-processor/tests/processing_tests.cpp" line="250" status="run" result="completed" time="0.032" timestamp="2026-05-10T11:25:44.393" classname="NormalizerTest" />
    <testcase name="OutOfOrderTimestampIsDropped" file="/Users/adriandiaconescu/CLionProjects/market-data-processor/tests/processing_tests.cpp" line="266" status="run" result="completed" time="0.032" timestamp="2026-05-10T11:25:44.426" classname="NormalizerTest" />
    <testcase name="DifferentSymbolsDontInterfereDeduplicate" file="/Users/adriandiaconescu/CLionProjects/market-data-processor/tests/processing_tests.cpp" line="279" status="run" result="completed" time="0.031" timestamp="2026-05-10T11:25:44.459" classname="NormalizerTest" />
    <testcase name="ConcurrentSafetyWith10000Ticks" file="/Users/adriandiaconescu/CLionProjects/market-data-processor/tests/processing_tests.cpp" line="294" status="run" result="completed" time="0.125" timestamp="2026-05-10T11:25:44.491" classname="NormalizerTest" />
    <testcase name="StatsReturnsConsistentSnapshotAfterStop" file="/Users/adriandiaconescu/CLionProjects/market-data-processor/tests/processing_tests.cpp" line="349" status="run" result="completed" time="0.034" timestamp="2026-05-10T11:25:44.617" classname="NormalizerTest" />
  </testsuite>
</testsuites>
