<?xml version="1.0" encoding="UTF-8"?>
<testsuites tests="25" failures="0" disabled="0" errors="0" time="3.973" timestamp="2026-05-10T11:24:04.953" name="AllTests">
  <testsuite name="IntegrationTest" tests="6" failures="0" disabled="0" skipped="0" errors="0" time="2.956" timestamp="2026-05-10T11:24:04.953">
    <testcase name="FullPipelineProducesValidTicks" file="/Users/adriandiaconescu/CLionProjects/market-data-processor/tests/integration_test.cpp" line="39" status="run" result="completed" time="0.205" timestamp="2026-05-10T11:24:04.953" classname="IntegrationTest" />
    <testcase name="PipelineHandlesHighThroughputWithoutCrash" file="/Users/adriandiaconescu/CLionProjects/market-data-processor/tests/integration_test.cpp" line="106" status="run" result="completed" time="0.876" timestamp="2026-05-10T11:24:05.158" classname="IntegrationTest" />
    <testcase name="PipelineStopIsCleanWithRAII" file="/Users/adriandiaconescu/CLionProjects/market-data-processor/tests/integration_test.cpp" line="163" status="run" result="completed" time="0.033" timestamp="2026-05-10T11:24:06.035" classname="IntegrationTest" />
    <testcase name="BookProcessorReceivesTicks" file="/Users/adriandiaconescu/CLionProjects/market-data-processor/tests/integration_test.cpp" line="208" status="run" result="completed" time="0.302" timestamp="2026-05-10T11:24:06.069" classname="IntegrationTest" />
    <testcase name="FullPipelineSmoke" file="/Users/adriandiaconescu/CLionProjects/market-data-processor/tests/integration_test.cpp" line="286" status="run" result="completed" time="0.205" timestamp="2026-05-10T11:24:06.371" classname="IntegrationTest" />
    <testcase name="GracefulShutdownUnderLoad" file="/Users/adriandiaconescu/CLionProjects/market-data-processor/tests/integration_test.cpp" line="338" status="run" result="completed" time="1.333" timestamp="2026-05-10T11:24:06.577" classname="IntegrationTest" />
  </testsuite>
  <testsuite name="FeedSimulatorTest" tests="7" failures="0" disabled="0" skipped="0" errors="0" time="0.244" timestamp="2026-05-10T11:24:07.910">
    <testcase name="ConstructsWithoutThrowing" file="/Users/adriandiaconescu/CLionProjects/market-data-processor/tests/feed_tests.cpp" line="56" status="run" result="completed" time="0." timestamp="2026-05-10T11:24:07.910" classname="FeedSimulatorTest" />
    <testcase name="StartSetsIsRunningTrueWithin50ms" file="/Users/adriandiaconescu/CLionProjects/market-data-processor/tests/feed_tests.cpp" line="63" status="run" result="completed" time="0." timestamp="2026-05-10T11:24:07.910" classname="FeedSimulatorTest" />
    <testcase name="StopSetsIsRunningFalseWithin100ms" file="/Users/adriandiaconescu/CLionProjects/market-data-processor/tests/feed_tests.cpp" line="75" status="run" result="completed" time="0.155" timestamp="2026-05-10T11:24:07.911" classname="FeedSimulatorTest" />
    <testcase name="DoubleStartIsNoOp" file="/Users/adriandiaconescu/CLionProjects/market-data-processor/tests/feed_tests.cpp" line="87" status="run" result="completed" time="0.02" timestamp="2026-05-10T11:24:08.066" classname="FeedSimulatorTest" />
    <testcase name="DoubleStopIsNoOp" file="/Users/adriandiaconescu/CLionProjects/market-data-processor/tests/feed_tests.cpp" line="101" status="run" result="completed" time="0.046" timestamp="2026-05-10T11:24:08.087" classname="FeedSimulatorTest" />
    <testcase name="DestructorWithRunningThreadDoesNotHang" file="/Users/adriandiaconescu/CLionProjects/market-data-processor/tests/feed_tests.cpp" line="116" status="run" result="completed" time="0.02" timestamp="2026-05-10T11:24:08.134" classname="FeedSimulatorTest" />
    <testcase name="SourceNameReturnsNonEmptyStringView" file="/Users/adriandiaconescu/CLionProjects/market-data-processor/tests/feed_tests.cpp" line="129" status="run" result="completed" time="0." timestamp="2026-05-10T11:24:08.155" classname="FeedSimulatorTest" />
  </testsuite>
  <testsuite name="NormalizerTest" tests="12" failures="0" disabled="0" skipped="0" errors="0" time="0.771" timestamp="2026-05-10T11:24:08.155">
    <testcase name="ConstructsWithoutThrowing" file="/Users/adriandiaconescu/CLionProjects/market-data-processor/tests/processing_tests.cpp" line="169" status="run" result="completed" time="0." timestamp="2026-05-10T11:24:08.155" classname="NormalizerTest" />
    <testcase name="StartSetsIsRunningTrueWithin50ms" file="/Users/adriandiaconescu/CLionProjects/market-data-processor/tests/processing_tests.cpp" line="176" status="run" result="completed" time="0.055" timestamp="2026-05-10T11:24:08.155" classname="NormalizerTest" />
    <testcase name="StopSetsIsRunningFalseWithin100ms" file="/Users/adriandiaconescu/CLionProjects/market-data-processor/tests/processing_tests.cpp" line="184" status="run" result="completed" time="0.155" timestamp="2026-05-10T11:24:08.210" classname="NormalizerTest" />
    <testcase name="DoubleStartIsNoOp" file="/Users/adriandiaconescu/CLionProjects/market-data-processor/tests/processing_tests.cpp" line="195" status="run" result="completed" time="0.024" timestamp="2026-05-10T11:24:08.366" classname="NormalizerTest" />
    <testcase name="DoubleStopIsNoOp" file="/Users/adriandiaconescu/CLionProjects/market-data-processor/tests/processing_tests.cpp" line="208" status="run" result="completed" time="0.045" timestamp="2026-05-10T11:24:08.391" classname="NormalizerTest" />
    <testcase name="DestructorWithRunningThreadDoesNotHang" file="/Users/adriandiaconescu/CLionProjects/market-data-processor/tests/processing_tests.cpp" line="222" status="run" result="completed" time="0.021" timestamp="2026-05-10T11:24:08.437" classname="NormalizerTest" />
    <testcase name="UniqueTicsAreForwarded" file="/Users/adriandiaconescu/CLionProjects/market-data-processor/tests/processing_tests.cpp" line="233" status="run" result="completed" time="0.035" timestamp="2026-05-10T11:24:08.459" classname="NormalizerTest" />
    <testcase name="ExactDuplicateIsDropped" file="/Users/adriandiaconescu/CLionProjects/market-data-processor/tests/processing_tests.cpp" line="250" status="run" result="completed" time="0.032" timestamp="2026-05-10T11:24:08.494" classname="NormalizerTest" />
    <testcase name="OutOfOrderTimestampIsDropped" file="/Users/adriandiaconescu/CLionProjects/market-data-processor/tests/processing_tests.cpp" line="266" status="run" result="completed" time="0.032" timestamp="2026-05-10T11:24:08.526" classname="NormalizerTest" />
    <testcase name="DifferentSymbolsDontInterfereDeduplicate" file="/Users/adriandiaconescu/CLionProjects/market-data-processor/tests/processing_tests.cpp" line="279" status="run" result="completed" time="0.034" timestamp="2026-05-10T11:24:08.559" classname="NormalizerTest" />
    <testcase name="ConcurrentSafetyWith10000Ticks" file="/Users/adriandiaconescu/CLionProjects/market-data-processor/tests/processing_tests.cpp" line="294" status="run" result="completed" time="0.297" timestamp="2026-05-10T11:24:08.593" classname="NormalizerTest" />
    <testcase name="StatsReturnsConsistentSnapshotAfterStop" file="/Users/adriandiaconescu/CLionProjects/market-data-processor/tests/processing_tests.cpp" line="349" status="run" result="completed" time="0.035" timestamp="2026-05-10T11:24:08.891" classname="NormalizerTest" />
  </testsuite>
</testsuites>
